<?xml version="1.0" encoding="UTF-8"?>
<!-- Generated by org.testng.reporters.JUnitReportReporter -->
<testsuite hostname="Lathavya-pc" name="testng.demotest" tests="1" failures="0" timestamp="6 Jul 2018 10:50:54 GMT" time="0.002" errors="0">
  <testcase name="test" time="0.002" classname="testng.demotest"/>
</testsuite> <!-- testng.demotest -->
